<?xml version="1.0" encoding="UTF-8"?>
<testsuite xmlns:xsi="http://www.w3.org/2001/XMLSchema-instance" xsi:noNamespaceSchemaLocation="https://maven.apache.org/surefire/maven-surefire-plugin/xsd/surefire-test-report-3.0.xsd" version="3.0" name="com.enterprise.crm.v1.auth.controller.AuthControllerTest" time="2.316" tests="4" errors="0" skipped="0" failures="0">
  <properties>
[...]
</properties>
  <testcase name="testUserRegistrationWeakPassword" classname="com.enterprise.crm.v1.auth.controller.AuthControllerTest" time="0.296">
    <system-out><![CDATA[14:03:31.621 [main] INFO org.springframework.test.context.support.AnnotationConfigContextLoaderUtils -- Could not detect default configuration classes for test class [com.enterprise.crm.v1.auth.controller.AuthControllerTest]: AuthControllerTest does not declare any static, non-private, non-final, nested classes annotated with @Configuration.
14:03:31.657 [main] INFO org.springframework.boot.test.context.SpringBootTestContextBootstrapper -- Found @SpringBootConfiguration com.enterprise.crm.v1.CrmApplication for test class com.enterprise.crm.v1.auth.controller.AuthControllerTest

  .   ____          _            __ _ _
 /\\ / ___'_ __ _ _(_)_ __  __ _ \ \ \ \
( ( )\___ | '_ | '_| | '_ \/ _` | \ \ \ \
 \\/  ___)| |_)| | | | | || (_| |  ) ) ) )
  '  |____| .__|_| |_|_| |_\__, | / / / /
 =========|_|==============|___/=/_/_/_/

 :: Spring Boot ::                (v3.3.1)

2026-07-18T14:03:31.781+05:30  INFO 34628 --- [           main] c.e.c.v.a.controller.AuthControllerTest  : Starting AuthControllerTest using Java 25.0.1 with PID 34628 (started by kavaykhurana in /Users/kavaykhurana/enterprise-crm)
2026-07-18T14:03:31.781+05:30  INFO 34628 --- [           main] c.e.c.v.a.controller.AuthControllerTest  : The following 1 profile is active: "test"
2026-07-18T14:03:31.971+05:30  INFO 34628 --- [           main] .s.d.r.c.RepositoryConfigurationDelegate : Bootstrapping Spring Data JPA repositories in DEFAULT mode.
2026-07-18T14:03:31.993+05:30  INFO 34628 --- [           main] .s.d.r.c.RepositoryConfigurationDelegate : Finished Spring Data repository scanning in 19 ms. Found 3 JPA repository interfaces.
2026-07-18T14:03:32.171+05:30  INFO 34628 --- [           main] o.hibernate.jpa.internal.util.LogHelper  : HHH000204: Processing PersistenceUnitInfo [name: default]
2026-07-18T14:03:32.191+05:30  INFO 34628 --- [           main] org.hibernate.Version                    : HHH000412: Hibernate ORM core version 6.5.2.Final
2026-07-18T14:03:32.206+05:30  INFO 34628 --- [           main] o.h.c.internal.RegionFactoryInitiator    : HHH000026: Second-level cache disabled
2026-07-18T14:03:32.299+05:30  INFO 34628 --- [           main] o.s.o.j.p.SpringPersistenceUnitInfo      : No LoadTimeWeaver setup: ignoring JPA class transformer
2026-07-18T14:03:32.307+05:30  INFO 34628 --- [           main] com.zaxxer.hikari.HikariDataSource       : HikariPool-1 - Starting...
2026-07-18T14:03:32.369+05:30  INFO 34628 --- [           main] com.zaxxer.hikari.pool.HikariPool        : HikariPool-1 - Added connection conn0: url=jdbc:h2:mem:crm_test_db user=SA
2026-07-18T14:03:32.369+05:30  INFO 34628 --- [           main] com.zaxxer.hikari.HikariDataSource       : HikariPool-1 - Start completed.
2026-07-18T14:03:32.378+05:30  WARN 34628 --- [           main] org.hibernate.orm.deprecation            : HHH90000025: H2Dialect does not need to be specified explicitly using 'hibernate.dialect' (remove the property setting and it will be selected by default)
2026-07-18T14:03:32.644+05:30  INFO 34628 --- [           main] o.h.e.t.j.p.i.JtaPlatformInitiator       : HHH000489: No JTA platform available (set 'hibernate.transaction.jta.platform' to enable JTA platform integration)
2026-07-18T14:03:32.654+05:30  INFO 34628 --- [           main] j.LocalContainerEntityManagerFactoryBean : Initialized JPA EntityManagerFactory for persistence unit 'default'
2026-07-18T14:03:32.795+05:30  WARN 34628 --- [           main] JpaBaseConfiguration$JpaWebConfiguration : spring.jpa.open-in-view is enabled by default. Therefore, database queries may be performed during view rendering. Explicitly configure spring.jpa.open-in-view to disable this warning
2026-07-18T14:03:33.000+05:30  INFO 34628 --- [           main] o.s.b.t.m.w.SpringBootMockServletContext : Initializing Spring TestDispatcherServlet ''
2026-07-18T14:03:33.000+05:30  INFO 34628 --- [           main] o.s.t.web.servlet.TestDispatcherServlet  : Initializing Servlet ''
2026-07-18T14:03:33.000+05:30  INFO 34628 --- [           main] o.s.t.web.servlet.TestDispatcherServlet  : Completed initialization in 0 ms
2026-07-18T14:03:33.006+05:30  INFO 34628 --- [           main] c.e.c.v.a.controller.AuthControllerTest  : Started AuthControllerTest in 1.306 seconds (process running for 1.584)
]]></system-out>
    <system-err><![CDATA[WARNING: A Java agent has been loaded dynamically (/Users/kavaykhurana/.m2/repository/net/bytebuddy/byte-buddy-agent/1.14.17/byte-buddy-agent-1.14.17.jar)
WARNING: If a serviceability tool is in use, please run with -XX:+EnableDynamicAgentLoading to hide this warning
WARNING: If a serviceability tool is not in use, please run with -Djdk.instrument.traceUsage for more information
WARNING: Dynamic loading of agents will be disallowed by default in a future release
]]></system-err>
  </testcase>
  <testcase name="testUserLoginSuccess" classname="com.enterprise.crm.v1.auth.controller.AuthControllerTest" time="0.185">
    <system-out><![CDATA[2026-07-18T14:03:33.488+05:30  INFO 34628 --- [         task-1] c.e.c.v.a.l.SecurityEventListener        : SecurityEvent: Successful login for user=login.user@example.com from IP=127.0.0.1
]]></system-out>
  </testcase>
  <testcase name="testUserRegistrationSuccess" classname="com.enterprise.crm.v1.auth.controller.AuthControllerTest" time="0.061"/>
  <testcase name="testUserAccountLockoutAfterFiveAttempts" classname="com.enterprise.crm.v1.auth.controller.AuthControllerTest" time="0.335">
    <system-out><![CDATA[2026-07-18T14:03:33.661+05:30  WARN 34628 --- [         task-2] c.e.c.v.a.l.SecurityEventListener        : SecurityEvent: Failed login attempt for user=lock.user@example.com from IP=127.0.0.1
2026-07-18T14:03:33.718+05:30  WARN 34628 --- [         task-3] c.e.c.v.a.l.SecurityEventListener        : SecurityEvent: Failed login attempt for user=lock.user@example.com from IP=127.0.0.1
2026-07-18T14:03:33.772+05:30  WARN 34628 --- [         task-4] c.e.c.v.a.l.SecurityEventListener        : SecurityEvent: Failed login attempt for user=lock.user@example.com from IP=127.0.0.1
2026-07-18T14:03:33.828+05:30  WARN 34628 --- [         task-5] c.e.c.v.a.l.SecurityEventListener        : SecurityEvent: Failed login attempt for user=lock.user@example.com from IP=127.0.0.1
2026-07-18T14:03:33.882+05:30  WARN 34628 --- [         task-6] c.e.c.v.a.l.SecurityEventListener        : SecurityEvent: User account locked due to too many failed attempts user=lock.user@example.com
2026-07-18T14:03:33.883+05:30  WARN 34628 --- [         task-7] c.e.c.v.a.l.SecurityEventListener        : SecurityEvent: Failed login attempt for user=lock.user@example.com from IP=127.0.0.1
]]></system-out>
  </testcase>
</testsuite>